<?xml version="1.0" encoding="UTF-8"?>
<!-- Generated by org.testng.reporters.JUnitReportReporter -->
<testsuite hostname="GDILP-196" name="verifyCartFunctionality.NewTest" tests="1" failures="0" timestamp="21 Jun 2020 18:30:16 GMT" time="13.433" errors="0">
  <testcase name="validatePage" time="13.433" classname="verifyCartFunctionality.NewTest"/>
</testsuite> <!-- verifyCartFunctionality.NewTest -->
