<?xml version="1.0" encoding="UTF-8"?>
<!-- Generated by org.testng.reporters.JUnitReportReporter -->
<testsuite hostname="GDILP-196" name="verifyCartFunctionality.VerifyCart" tests="1" failures="0" timestamp="23 Jun 2020 08:30:36 GMT" time="50.137" errors="0">
  <testcase name="verifyCart" time="50.137" classname="verifyCartFunctionality.VerifyCart"/>
</testsuite> <!-- verifyCartFunctionality.VerifyCart -->
